2020-01-01T20:12:38.1234Z, Maecenas faucibus nunc libero, vel interdum purus blandit ac. Nunc quis tellus purus. Praesent iaculis neque non mauris hendrerit, ut malesuada neque sollicitudin. Mauris eget aliquet tellus. In condimentum, nisi.
2021-01-31T20:12:38.1234Z, Ut gravida lorem mattis faucibus tempus. Sed ullamcorper tortor sed pulvinar pellentesque. Vivamus egestas ipsum ut nunc consectetur, ac consequat.
2020-02-21T20:12:40.1234Z, Suspendisse at gravida dui. Phasellus ullamcorper, odio vel eleifend accumsan, libero ante tempor libero, nec laoreet leo eros suscipit metus. Proin.
2020-01-11T00:11:38.1234Z, Nunc feugiat ipsum vel metus euismod, quis semper nulla accumsan. Donec et sem eget lorem volutpat maximus at vitae dui. Donec mauris eros.
2021-01-31T20:01:38.1234Z, Morbi sollicitudin massa eget luctus luctus. Nam suscipit libero velit, vitae consectetur nulla luctus ut. Pellentesque auctor auctor tortor eu laoreet. Nunc sagittis quam felis.
2020-01-01T10:12:38.1234Z, Ut sit amet ex odio. Duis faucibus quam vitae nibh pulvinar auctor. Nam finibus sagittis ornare. Interdum et malesuada fames ac ante ipsum primis in faucibus. Nulla.
2020-01-31T20:12:37.1234Z, Duis eu mi nec libero hendrerit efficitur non vitae massa. Etiam mattis non magna quis sollicitudin. Morbi ut lectus sit amet libero gravida sagittis quis et ex. In hac.
2021-04-11T20:12:38.1234Z, Praesent nisl ex, pulvinar vitae tempor in, aliquam nec lectus. Aenean non vulputate enim. Donec eros nibh, cursus at efficitur at, finibus vitae neque. Aliquam varius diam sed diam mattis, eget.
2020-04-23T20:12:38.1234Z, Ut at lobortis dui. Nulla lectus nibh, laoreet sed eros dapibus, sodales commodo leo. Nulla vehicula neque cursus, lacinia velit mattis, porta dolor. Lorem ipsum dolor sit amet, consectetur adipiscing elit. Nullam.
2019-04-11T20:12:38.1234Z, Nam mattis consectetur dictum. Phasellus eu lectus sit amet est dictum vehicula a at diam. Proin vitae aliquet est. Nullam vitae ultricies diam. Aenean urna massa, auctor in semper vel, laoreet quis diam.
2018-04-11T20:12:38.1234Z, Proin feugiat sodales dolor a vestibulum. Mauris quis orci a diam dictum feugiat. Phasellus convallis nisl ex, ac volutpat magna bibendum vitae. Maecenas in sem eu nisl luctus feugiat ut sit amet justo. Mauris.
2015-04-11T20:12:38.1234Z, Quisque id orci pharetra, vestibulum neque quis, fringilla lorem. Cras rhoncus, mauris sit amet volutpat ultrices, mauris felis viverra.
2016-04-11T20:12:38.1234Z, Nullam eu turpis erat. Aenean porttitor libero nec bibendum hendrerit. Curabitur in porttitor nulla, eget molestie tortor. Quisque nisl tellus, egestas.
2020-11-29T05:19:48.1234Z, Curabitur bibendum sem eu varius fringilla. Donec eget eleifend erat. Sed eget sagittis orci. Suspendisse vel nulla in ante efficitur tincidunt. Vivamus sed mauris non diam elementum rhoncus. Curabitur nec lorem nisi. Quisque condimentum.
2017-04-15T20:54:58.1234Z, Vestibulum rutrum tortor enim, id scelerisque felis pulvinar eu. Ut metus lectus, ultricies eget iaculis suscipit, ullamcorper aliquam eros. Integer vestibulum est ac felis congue cursus. Etiam iaculis varius ante, id iaculis dui eleifend vel. Nam sagittis malesuada tortor, vel.
2018-08-27T20:12:38.1234Z, Nullam posuere tortor eu ante blandit, ut viverra elit hendrerit. Donec consequat purus justo, eget posuere nibh rhoncus sit amet. Vivamus lobortis euismod tortor eget mattis. Nam at mi pulvinar, iaculis purus in, imperdiet ex. Aenean accumsan.
2019-05-21T20:12:38.1234Z, Sed condimentum ante eget sodales lobortis. Interdum et malesuada fames ac ante ipsum primis in faucibus. Fusce mattis metus massa, nec dictum ligula ultricies in. Nam ultricies libero et blandit scelerisque. Suspendisse consequat tortor sit amet.
2019-07-23T20:12:38.1234Z, Sed euismod metus enim, sed auctor ipsum accumsan ut. Morbi lectus nisl, suscipit id odio quis, molestie euismod felis. Quisque consectetur at tortor eleifend pulvinar. Donec pulvinar quis tortor eget tempor. Morbi sapien libero, sodales ac mi ac, tempus pretium purus. Nullam accumsan mauris erat, at rutrum nisi accumsan ac. Cras pretium nisl in purus hendrerit, at aliquam justo hendrerit.Fusce commodo congue tincidunt. Integer id vehicula nibh. Class aptent taciti sociosqu ad litora torquent per conubia nostra, per inceptos himenaeos. Sed volutpat, ligula sit amet convallis imperdiet, orci lectus ultricies ligula, vel elementum est turpis ac nulla. Curabitur nisi.
2021-11-21T20:12:40.1234Z, Donec eu malesuada eros. Phasellus ut lacinia nibh. Mauris aliquam ligula felis, ut lobortis lorem semper a. Cras vel erat blandit, interdum sapien in, elementum mauris. Proin at felis porttitor, ultricies erat ut, placerat ipsum. Proin sagittis porta elit et luctus. Nullam sed nisl eu nunc aliquam rutrum vel et.
2020-09-01T09:11:59.1234Z, Maecenas vestibulum sed orci ac lacinia. Quisque accumsan lacus vitae enim efficitur sodales. Integer vel arcu tempus diam vulputate malesuada sit amet vulputate leo. Pellentesque viverra efficitur nulla. Quisque nisl magna, consequat ut mollis ut, interdum eget.